2022-02-01 05:02:35 WARN  Server restarted 
2022-02-01 05:03:24 INFO  4GTelenorOffshore 303 is disconnected 
2022-02-01 05:03:25 INFO  4GTelenorOffshore 303 is now UP (44ms) 
2022-02-01 05:05:50 WARN  Server restarted 
2022-02-01 05:10:09 WARN  Server restarted 
2022-02-01 05:10:58 WARN  Server restarted 
2022-02-01 05:15:27 INFO  4GTelenorOffshore 303 is disconnected 
2022-02-01 05:15:27 INFO  Offline is disconnected 
2022-02-01 05:15:29 INFO  4GTelenorOffshore 303 is now UP (328ms) 
2022-02-01 05:15:31 INFO  Offline is now UP (2253ms) 
2022-02-01 05:19:57 INFO  4GTelenorOffshore 303 is disconnected 
2022-02-01 05:19:57 INFO  Offline is disconnected 
2022-02-01 05:19:59 INFO  4GTelenorOffshore 303 is now UP (175ms) 
2022-02-01 05:19:59 INFO  Offline is now UP (176ms) 
2022-02-01 05:21:33 INFO  4GTelenorOffshore 303 is disconnected 
2022-02-01 05:21:38 INFO  Offline is disconnected 
2022-02-01 05:21:39 INFO  4GTelenorOffshore 303 is now UP (307ms) 
2022-02-01 05:21:39 INFO  Offline is now UP (321ms) 
2022-02-01 05:24:18 INFO  4GTelenorOffshore 303 is disconnected 
2022-02-01 05:24:18 INFO  Offline is disconnected 
2022-02-01 05:24:19 INFO  4GTelenorOffshore 303 is now UP (232ms) 
2022-02-01 05:24:19 INFO  Offline is now UP (240ms) 
2022-02-01 05:25:48 INFO  Offline is disconnected 
2022-02-01 05:25:53 INFO  4GTelenorOffshore 303 is disconnected 
2022-02-01 05:25:54 INFO  Offline is now UP (309ms) 
2022-02-01 05:25:54 INFO  4GTelenorOffshore 303 is now UP (310ms) 
2022-02-01 05:27:08 INFO  4GTelenorOffshore 303 is disconnected 
2022-02-01 05:27:08 INFO  Offline is disconnected 
2022-02-01 05:27:09 INFO  4GTelenorOffshore 303 is now UP (324ms) 
2022-02-01 05:27:09 INFO  Offline is now UP (337ms) 
2022-02-01 05:28:08 INFO  4GTelenorOffshore 303 is disconnected 
2022-02-01 05:28:11 INFO  4GTelenorOffshore 303 is now UP (2309ms) 
2022-02-01 05:28:48 INFO  Offline is disconnected 
2022-02-01 05:28:51 INFO  Offline is now UP (2332ms) 
2022-02-01 05:29:28 INFO  4GTelenorOffshore 303 is disconnected 
2022-02-01 05:29:28 INFO  Offline is disconnected 
2022-02-01 05:29:59 INFO  4GTelenorOffshore 303 is now UP (298ms) 
2022-02-01 05:29:59 INFO  Offline is now UP (301ms) 
2022-02-01 05:30:08 INFO  4GTelenorOffshore 303 is disconnected 
2022-02-01 05:30:08 INFO  Offline is disconnected 
2022-02-01 05:30:14 INFO  4GTelenorOffshore 303 is now UP (332ms) 
2022-02-01 05:30:14 INFO  Offline is now UP (338ms) 
2022-02-01 05:30:23 INFO  4GTelenorOffshore 303 is disconnected 
2022-02-01 05:30:23 INFO  Offline is disconnected 
2022-02-01 05:30:24 INFO  4GTelenorOffshore 303 is now UP (310ms) 
2022-02-01 05:30:24 INFO  Offline is now UP (310ms) 
2022-02-01 05:30:33 INFO  4GTelenorOffshore 303 is disconnected 
2022-02-01 05:30:33 INFO  Offline is disconnected 
2022-02-01 05:30:34 INFO  4GTelenorOffshore 303 is now UP (315ms) 
2022-02-01 05:30:34 INFO  Offline is now UP (316ms) 
2022-02-01 05:30:48 INFO  4GTelenorOffshore 303 is disconnected 
2022-02-01 05:30:48 INFO  Offline is disconnected 
2022-02-01 05:30:49 INFO  4GTelenorOffshore 303 is now UP (318ms) 
2022-02-01 05:30:49 INFO  Offline is now UP (318ms) 
2022-02-01 05:30:58 INFO  4GTelenorOffshore 303 is disconnected 
2022-02-01 05:30:58 INFO  Offline is disconnected 
2022-02-01 05:31:01 INFO  4GTelenorOffshore 303 is now UP (2332ms) 
2022-02-01 05:31:01 INFO  Offline is now UP (2347ms) 
2022-02-01 05:31:08 INFO  4GTelenorOffshore 303 is disconnected 
2022-02-01 05:31:08 INFO  Offline is disconnected 
2022-02-01 05:31:21 INFO  4GTelenorOffshore 303 is now UP (2407ms) 
2022-02-01 05:31:28 INFO  4GTelenorOffshore 303 is disconnected 
2022-02-01 05:31:34 INFO  4GTelenorOffshore 303 is now UP (311ms) 
2022-02-01 05:31:34 INFO  Offline is now UP (320ms) 
2022-02-01 05:31:43 INFO  4GTelenorOffshore 303 is disconnected 
2022-02-01 05:31:43 INFO  Offline is disconnected 
2022-02-01 05:31:46 INFO  4GTelenorOffshore 303 is now UP (2306ms) 
2022-02-01 05:31:46 INFO  Offline is now UP (2313ms) 
2022-02-01 05:31:53 INFO  4GTelenorOffshore 303 is disconnected 
2022-02-01 05:31:53 INFO  Offline is disconnected 
2022-02-01 05:31:59 INFO  4GTelenorOffshore 303 is now UP (337ms) 
2022-02-01 05:31:59 INFO  Offline is now UP (338ms) 
2022-02-01 05:32:13 INFO  4GTelenorOffshore 303 is disconnected 
2022-02-01 05:32:13 INFO  Offline is disconnected 
2022-02-01 05:32:19 INFO  4GTelenorOffshore 303 is now UP (338ms) 
2022-02-01 05:32:19 INFO  Offline is now UP (343ms) 
2022-02-01 05:32:28 INFO  4GTelenorOffshore 303 is disconnected 
2022-02-01 05:32:28 INFO  Offline is disconnected 
2022-02-01 05:32:36 INFO  4GTelenorOffshore 303 is now UP (2305ms) 
2022-02-01 05:32:36 INFO  Offline is now UP (2306ms) 
2022-02-01 05:32:43 INFO  4GTelenorOffshore 303 is disconnected 
2022-02-01 05:32:43 INFO  Offline is disconnected 
2022-02-01 05:32:44 INFO  4GTelenorOffshore 303 is now UP (346ms) 
2022-02-01 05:32:44 INFO  Offline is now UP (346ms) 
2022-02-01 05:32:53 INFO  Offline is disconnected 
2022-02-01 05:32:58 INFO  4GTelenorOffshore 303 is disconnected 
2022-02-01 05:33:01 INFO  4GTelenorOffshore 303 is now UP (2327ms) 
2022-02-01 05:33:01 INFO  Offline is now UP (2334ms) 
2022-02-01 05:33:13 INFO  4GTelenorOffshore 303 is disconnected 
2022-02-01 05:33:13 INFO  Offline is disconnected 
2022-02-01 05:33:19 INFO  4GTelenorOffshore 303 is now UP (341ms) 
2022-02-01 05:33:28 INFO  4GTelenorOffshore 303 is disconnected 
2022-02-01 05:33:29 INFO  4GTelenorOffshore 303 is now UP (337ms) 
2022-02-01 05:33:36 INFO  Offline is now UP (2320ms) 
2022-02-01 05:33:48 INFO  4GTelenorOffshore 303 is disconnected 
2022-02-01 05:33:48 INFO  Offline is disconnected 
2022-02-01 05:33:51 INFO  4GTelenorOffshore 303 is now UP (2343ms) 
2022-02-01 05:33:54 INFO  Offline is now UP (303ms) 
2022-02-01 05:34:03 INFO  4GTelenorOffshore 303 is disconnected 
2022-02-01 05:34:03 INFO  Offline is disconnected 
2022-02-01 05:34:11 INFO  4GTelenorOffshore 303 is now UP (2333ms) 
2022-02-01 05:34:11 INFO  Offline is now UP (2339ms) 
2022-02-01 05:34:18 INFO  4GTelenorOffshore 303 is disconnected 
2022-02-01 05:34:18 INFO  Offline is disconnected 
2022-02-01 05:34:19 INFO  4GTelenorOffshore 303 is now UP (310ms) 
2022-02-01 05:34:19 INFO  Offline is now UP (318ms) 
2022-02-01 05:34:33 INFO  4GTelenorOffshore 303 is disconnected 
2022-02-01 05:34:33 INFO  Offline is disconnected 
2022-02-01 05:34:44 INFO  4GTelenorOffshore 303 is now UP (328ms) 
2022-02-01 05:34:44 INFO  Offline is now UP (332ms) 
2022-02-01 05:34:53 INFO  4GTelenorOffshore 303 is disconnected 
2022-02-01 05:34:53 INFO  Offline is disconnected 
2022-02-01 05:34:54 INFO  Offline is now UP (339ms) 
2022-02-01 05:34:59 INFO  4GTelenorOffshore 303 is now UP (333ms) 
2022-02-01 05:35:08 INFO  4GTelenorOffshore 303 is disconnected 
2022-02-01 05:35:08 INFO  Offline is disconnected 
2022-02-01 05:35:09 INFO  4GTelenorOffshore 303 is now UP (335ms) 
2022-02-01 05:35:09 INFO  Offline is now UP (336ms) 
2022-02-01 05:35:18 INFO  4GTelenorOffshore 303 is disconnected 
2022-02-01 05:35:18 INFO  Offline is disconnected 
2022-02-01 05:35:26 INFO  Offline is now UP (2350ms) 
2022-02-01 05:35:33 INFO  Offline is disconnected 
2022-02-01 05:35:34 INFO  4GTelenorOffshore 303 is now UP (313ms) 
2022-02-01 05:35:34 INFO  Offline is now UP (329ms) 
2022-02-01 05:35:43 INFO  4GTelenorOffshore 303 is disconnected 
2022-02-01 05:35:43 INFO  Offline is disconnected 
2022-02-01 05:35:44 INFO  4GTelenorOffshore 303 is now UP (346ms) 
2022-02-01 05:35:44 INFO  Offline is now UP (347ms) 
2022-02-01 05:35:58 INFO  4GTelenorOffshore 303 is disconnected 
2022-02-01 05:35:58 INFO  Offline is disconnected 
2022-02-01 05:36:19 INFO  Offline is now UP (307ms) 
2022-02-01 05:36:19 INFO  4GTelenorOffshore 303 is now UP (310ms) 
2022-02-01 05:36:28 INFO  4GTelenorOffshore 303 is disconnected 
2022-02-01 05:36:28 INFO  Offline is disconnected 
2022-02-01 05:36:36 INFO  4GTelenorOffshore 303 is now UP (2338ms) 
2022-02-01 05:36:36 INFO  Offline is now UP (2346ms) 
2022-02-01 05:36:48 INFO  4GTelenorOffshore 303 is disconnected 
2022-02-01 05:36:48 INFO  Offline is disconnected 
2022-02-01 05:36:51 INFO  4GTelenorOffshore 303 is now UP (2344ms) 
2022-02-01 05:36:58 INFO  4GTelenorOffshore 303 is disconnected 
2022-02-01 05:37:01 INFO  4GTelenorOffshore 303 is now UP (2340ms) 
2022-02-01 05:37:01 INFO  Offline is now UP (2340ms) 
2022-02-01 05:37:08 INFO  4GTelenorOffshore 303 is disconnected 
2022-02-01 05:37:08 INFO  Offline is disconnected 
2022-02-01 05:37:19 INFO  4GTelenorOffshore 303 is now UP (336ms) 
2022-02-01 05:37:21 INFO  Offline is now UP (2337ms) 
2022-02-01 05:37:28 INFO  4GTelenorOffshore 303 is disconnected 
2022-02-01 05:37:28 INFO  Offline is disconnected 
2022-02-01 05:37:29 INFO  Offline is now UP (347ms) 
2022-02-01 05:37:38 INFO  Offline is disconnected 
2022-02-01 05:38:04 INFO  4GTelenorOffshore 303 is now UP (332ms) 
2022-02-01 05:38:04 INFO  Offline is now UP (340ms) 
2022-02-01 05:38:18 INFO  4GTelenorOffshore 303 is disconnected 
2022-02-01 05:38:18 INFO  Offline is disconnected 
2022-02-01 05:38:19 INFO  4GTelenorOffshore 303 is now UP (326ms) 
2022-02-01 05:38:19 INFO  Offline is now UP (327ms) 
2022-02-01 05:38:38 INFO  4GTelenorOffshore 303 is disconnected 
2022-02-01 05:38:38 INFO  Offline is disconnected 
2022-02-01 05:39:31 INFO  Offline is now UP (2339ms) 
2022-02-01 05:39:38 INFO  Offline is disconnected 
2022-02-01 05:39:59 INFO  Offline is now UP (348ms) 
2022-02-01 05:40:01 INFO  4GTelenorOffshore 303 is now UP (2403ms) 
2022-02-01 05:40:08 INFO  4GTelenorOffshore 303 is disconnected 
2022-02-01 05:40:08 INFO  Offline is disconnected 
2022-02-01 05:40:24 INFO  4GTelenorOffshore 303 is now UP (323ms) 
2022-02-01 05:40:24 INFO  Offline is now UP (342ms) 
2022-02-01 05:40:38 INFO  Offline is disconnected 
2022-02-01 05:40:43 INFO  4GTelenorOffshore 303 is disconnected 
2022-02-01 05:40:44 INFO  4GTelenorOffshore 303 is now UP (328ms) 
2022-02-01 05:40:44 INFO  Offline is now UP (344ms) 
2022-02-01 05:40:58 INFO  4GTelenorOffshore 303 is disconnected 
2022-02-01 05:40:58 INFO  Offline is disconnected 
2022-02-01 05:42:21 INFO  4GTelenorOffshore 303 is now UP (2357ms) 
2022-02-01 05:42:28 INFO  4GTelenorOffshore 303 is disconnected 
2022-02-01 05:42:39 INFO  4GTelenorOffshore 303 is now UP (402ms) 
2022-02-01 05:42:41 INFO  Offline is now UP (2362ms) 
2022-02-01 05:42:48 INFO  4GTelenorOffshore 303 is disconnected 
2022-02-01 05:42:48 INFO  Offline is disconnected 
2022-02-01 05:43:56 INFO  4GTelenorOffshore 303 is now UP (2320ms) 
2022-02-01 05:43:56 INFO  Offline is now UP (2328ms) 
2022-02-01 05:44:08 INFO  4GTelenorOffshore 303 is disconnected 
2022-02-01 05:44:08 INFO  Offline is disconnected 
2022-02-01 05:44:21 INFO  Offline is now UP (2345ms) 
2022-02-01 05:44:28 INFO  Offline is disconnected 
2022-02-01 05:44:39 INFO  4GTelenorOffshore 303 is now UP (318ms) 
2022-02-01 05:44:39 INFO  Offline is now UP (335ms) 
2022-02-01 05:44:48 INFO  4GTelenorOffshore 303 is disconnected 
2022-02-01 05:44:48 INFO  Offline is disconnected 
2022-02-01 05:45:39 INFO  4GTelenorOffshore 303 is now UP (352ms) 
2022-02-01 05:45:48 INFO  4GTelenorOffshore 303 is disconnected 
2022-02-01 05:47:14 INFO  4GTelenorOffshore 303 is now UP (362ms) 
2022-02-01 05:47:23 INFO  4GTelenorOffshore 303 is disconnected 
2022-02-01 05:47:29 INFO  4GTelenorOffshore 303 is now UP (404ms) 
2022-02-01 05:47:29 INFO  Offline is now UP (418ms) 
2022-02-01 05:47:38 INFO  4GTelenorOffshore 303 is disconnected 
2022-02-01 05:47:38 INFO  Offline is disconnected 
2022-02-01 05:48:31 INFO  4GTelenorOffshore 303 is now UP (2353ms) 
2022-02-01 05:48:36 INFO  Offline is now UP (2320ms) 
2022-02-01 05:48:53 INFO  4GTelenorOffshore 303 is disconnected 
2022-02-01 05:48:53 INFO  Offline is disconnected 
2022-02-01 05:48:54 INFO  4GTelenorOffshore 303 is now UP (318ms) 
2022-02-01 05:48:54 INFO  Offline is now UP (327ms) 
2022-02-01 05:49:03 INFO  4GTelenorOffshore 303 is disconnected 
2022-02-01 05:49:03 INFO  Offline is disconnected 
2022-02-01 05:54:42 INFO  4GTelenorOffshore 303 is now UP (2988ms) 
2022-02-01 05:54:42 INFO  Offline is now UP (3008ms) 
2022-02-01 05:54:48 INFO  4GTelenorOffshore 303 is disconnected 
2022-02-01 05:54:48 INFO  Offline is disconnected 
2022-02-01 09:21:27 INFO  4G TelenorOnshore 302 is now UP (1227ms) 
2022-02-01 09:21:50 INFO  4G TelenorOnshore 302 is disconnected 
2022-02-01 09:22:24 INFO  4G TelenorOnshore 302 is now UP (3036ms) 
2022-02-01 09:22:40 INFO  4G TelenorOnshore 302 is disconnected 
2022-02-01 09:22:48 INFO  4G TelenorOnshore 302 is now UP (2357ms) 
2022-02-01 09:23:05 INFO  4G TelenorOnshore 302 is disconnected 
2022-02-01 09:23:06 INFO  4G TelenorOnshore 302 is now UP (597ms) 
2022-02-01 09:23:20 INFO  4G TelenorOnshore 302 is disconnected 
2022-02-01 09:26:23 INFO  4G TelenorOnshore 302 is now UP (2288ms) 
2022-02-01 09:26:35 INFO  4G TelenorOnshore 302 is disconnected 
2022-02-01 09:26:43 INFO  4G TelenorOnshore 302 is now UP (2277ms) 
2022-02-01 09:27:00 INFO  4G TelenorOnshore 302 is disconnected 
2022-02-01 09:27:03 INFO  4G TelenorOnshore 302 is now UP (1911ms) 
2022-02-01 09:27:15 INFO  4G TelenorOnshore 302 is disconnected 
2022-02-01 09:27:24 INFO  4G TelenorOnshore 302 is now UP (2979ms) 
2022-02-01 09:27:40 INFO  4G TelenorOnshore 302 is disconnected 
2022-02-01 09:37:43 INFO  4G TelenorOnshore 302 is now UP (2072ms) 
2022-02-01 09:38:10 INFO  4G TelenorOnshore 302 is disconnected 
2022-02-01 09:39:45 INFO  4G TelenorOnshore 302 is now UP (3405ms) 
2022-02-01 09:41:15 INFO  4G TelenorOnshore 302 is disconnected 
2022-02-01 09:42:34 INFO  4G TelenorOnshore 302 is now UP (2698ms) 
2022-02-01 09:57:35 INFO  4G TelenorOnshore 302 is disconnected 
2022-02-01 09:59:12 INFO  4G TelenorOnshore 302 is now UP (808ms) 
2022-02-01 09:59:50 INFO  4G TelenorOnshore 302 is disconnected 
2022-02-01 09:59:52 INFO  4G TelenorOnshore 302 is now UP (598ms) 
2022-02-01 10:00:15 INFO  4G TelenorOnshore 302 is disconnected 
2022-02-01 10:03:37 INFO  4G TelenorOnshore 302 is now UP (331ms) 
2022-02-01 10:04:35 INFO  4G TelenorOnshore 302 is disconnected 
2022-02-01 10:04:36 INFO  4G TelenorOnshore 302 is now UP (78ms) 
2022-02-01 10:04:45 INFO  4G TelenorOnshore 302 is disconnected 
2022-02-01 10:08:39 INFO  4G TelenorOnshore 302 is now UP (2288ms) 
2022-02-01 10:08:45 INFO  4G TelenorOnshore 302 is disconnected 
2022-02-01 10:08:49 INFO  4G TelenorOnshore 302 is now UP (2779ms) 
2022-02-01 10:08:55 INFO  4G TelenorOnshore 302 is disconnected 
2022-02-01 10:09:00 INFO  4G TelenorOnshore 302 is now UP (3736ms) 
2022-02-01 10:09:05 INFO  4G TelenorOnshore 302 is disconnected 
2022-02-01 10:09:10 INFO  4G TelenorOnshore 302 is now UP (3258ms) 
2022-02-01 10:09:20 INFO  4G TelenorOnshore 302 is disconnected 
2022-02-01 10:09:24 INFO  4G TelenorOnshore 302 is now UP (2468ms) 
2022-02-01 10:09:40 INFO  4G TelenorOnshore 302 is disconnected 
2022-02-01 10:10:00 INFO  4G TelenorOnshore 302 is now UP (3089ms) 
2022-02-01 10:10:25 INFO  4G TelenorOnshore 302 is disconnected 
2022-02-01 10:16:04 INFO  4G TelenorOnshore 302 is now UP (2082ms) 
2022-02-01 10:16:46 INFO  4G TelenorOnshore 302 is disconnected 
2022-02-01 10:16:47 INFO  4G TelenorOnshore 302 is now UP (789ms) 
2022-02-01 10:18:51 INFO  4G TelenorOnshore 302 is disconnected 
2022-02-01 10:19:04 INFO  4G TelenorOnshore 302 is now UP (1979ms) 
2022-02-01 10:19:26 INFO  4G TelenorOnshore 302 is disconnected 
2022-02-01 10:23:32 INFO  4G TelenorOnshore 302 is now UP (141ms) 
2022-02-01 10:24:26 INFO  4G TelenorOnshore 302 is disconnected 
2022-02-01 10:25:27 INFO  4G TelenorOnshore 302 is now UP (270ms) 
2022-02-01 10:27:56 INFO  4G TelenorOnshore 302 is disconnected 
2022-02-01 10:31:32 INFO  4G TelenorOnshore 302 is now UP (703ms) 
2022-02-01 10:34:51 INFO  4G TelenorOnshore 302 is disconnected 
2022-02-01 10:34:52 INFO  4G TelenorOnshore 302 is now UP (292ms) 
2022-02-01 10:35:56 INFO  4G TelenorOnshore 302 is disconnected 
2022-02-01 10:37:13 INFO  4G TelenorOnshore 302 is now UP (1607ms) 
2022-02-01 10:42:46 INFO  4G TelenorOnshore 302 is disconnected 
2022-02-01 10:42:47 INFO  4G TelenorOnshore 302 is now UP (130ms) 
2022-02-01 10:45:01 INFO  4G TelenorOnshore 302 is disconnected 
2022-02-01 10:45:02 INFO  4G TelenorOnshore 302 is now UP (158ms) 
2022-02-01 10:45:51 INFO  4G TelenorOnshore 302 is disconnected 
2022-02-01 10:46:10 INFO  4G TelenorOnshore 302 is now UP (2912ms) 
2022-02-01 10:46:21 INFO  4G TelenorOnshore 302 is disconnected 
2022-02-01 10:48:25 INFO  4G TelenorOnshore 302 is now UP (3384ms) 
2022-02-01 10:50:01 INFO  4G TelenorOnshore 302 is disconnected 
2022-02-01 10:50:04 INFO  4G TelenorOnshore 302 is now UP (2340ms) 
2022-02-01 10:50:56 INFO  VSAT vlan300 is disconnected 
2022-02-01 10:50:58 INFO  VSAT vlan300 is now UP (644ms) 
2022-02-01 10:51:06 INFO  4G TelenorOnshore 302 is disconnected 
2022-02-01 10:51:07 INFO  4G TelenorOnshore 302 is now UP (346ms) 
2022-02-01 10:51:36 INFO  4G TelenorOnshore 302 is disconnected 
2022-02-01 10:51:37 INFO  4G TelenorOnshore 302 is now UP (80ms) 
2022-02-01 11:25:56 INFO  4G TelenorOnshore 302 is disconnected 
2022-02-01 11:26:05 INFO  4G TelenorOnshore 302 is now UP (2365ms) 
2022-02-01 11:45:47 INFO  4G TelenorOnshore 302 is disconnected 
2022-02-01 11:45:55 INFO  4G TelenorOnshore 302 is now UP (2051ms) 
2022-02-01 13:47:43 INFO  4G TelenorOnshore 302 is disconnected 
2022-02-01 13:47:44 INFO  4G TelenorOnshore 302 is now UP (36ms) 
2022-02-01 14:10:53 INFO  4G TelenorOnshore 302 is disconnected 
2022-02-01 14:10:55 INFO  4G TelenorOnshore 302 is now UP (638ms) 
2022-02-01 15:09:59 INFO  4G TelenorOnshore 302 is disconnected 
2022-02-01 15:10:00 INFO  4G TelenorOnshore 302 is now UP (393ms) 
2022-02-01 15:23:59 INFO  4G TelenorOnshore 302 is disconnected 
2022-02-01 15:24:07 INFO  4G TelenorOnshore 302 is now UP (2641ms) 
2022-02-01 15:34:29 INFO  4G TelenorOnshore 302 is disconnected 
2022-02-01 15:34:32 INFO  4G TelenorOnshore 302 is now UP (1899ms) 
2022-02-01 15:42:04 INFO  4G TelenorOnshore 302 is disconnected 
2022-02-01 15:42:07 INFO  4G TelenorOnshore 302 is now UP (1995ms) 
2022-02-01 15:46:19 INFO  4G TelenorOnshore 302 is disconnected 
2022-02-01 15:46:22 INFO  4G TelenorOnshore 302 is now UP (1595ms) 
2022-02-01 15:49:24 INFO  4G TelenorOnshore 302 is disconnected 
2022-02-01 15:49:29 INFO  4G TelenorOnshore 302 is now UP (3940ms) 
2022-02-01 17:18:45 INFO  4G TelenorOnshore 302 is disconnected 
2022-02-01 17:18:48 INFO  4G TelenorOnshore 302 is now UP (2046ms) 
2022-02-01 17:38:05 INFO  4G TelenorOnshore 302 is disconnected 
2022-02-01 17:38:08 INFO  4G TelenorOnshore 302 is now UP (1655ms) 
2022-02-01 17:39:45 INFO  4G TelenorOnshore 302 is disconnected 
2022-02-01 17:39:48 INFO  4G TelenorOnshore 302 is now UP (1411ms) 
2022-02-01 18:04:36 INFO  4G TelenorOnshore 302 is disconnected 
2022-02-01 18:04:38 INFO  4G TelenorOnshore 302 is now UP (1759ms) 
2022-02-01 18:05:56 INFO  4G TelenorOnshore 302 is disconnected 
2022-02-01 18:05:58 INFO  4G TelenorOnshore 302 is now UP (1451ms) 
2022-02-01 18:12:41 INFO  4G TelenorOnshore 302 is disconnected 
2022-02-01 18:12:44 INFO  4G TelenorOnshore 302 is now UP (2461ms) 
2022-02-01 18:15:01 INFO  4G TelenorOnshore 302 is disconnected 
2022-02-01 18:15:04 INFO  4G TelenorOnshore 302 is now UP (1963ms) 
2022-02-01 18:22:51 INFO  4G TelenorOnshore 302 is disconnected 
2022-02-01 18:23:07 INFO  4G TelenorOnshore 302 is now UP (32ms) 
2022-02-01 18:27:01 INFO  4G TelenorOnshore 302 is disconnected 
2022-02-01 18:27:37 INFO  4G TelenorOnshore 302 is now UP (185ms) 
2022-02-01 20:11:58 WARN  Server restarted 
2022-02-01 20:13:04 WARN  Server restarted 
2022-02-01 20:13:28 WARN  Server restarted 
2022-02-01 20:13:50 WARN  Server restarted 
2022-02-01 20:15:35 WARN  Server restarted 
2022-02-01 20:17:23 WARN  Server restarted 
2022-02-01 20:18:29 WARN  Server restarted 
2022-02-01 20:19:00 WARN  Server restarted 
2022-02-01 20:19:30 WARN  Server restarted 
2022-02-01 20:25:11 WARN  Server restarted 
2022-02-01 20:27:41 WARN  Server restarted 
2022-02-01 20:28:55 WARN  Server restarted 
2022-02-01 20:52:06 WARN  Server restarted 
2022-02-01 20:56:12 WARN  Server restarted 
2022-02-01 20:56:35 WARN  Server restarted 
2022-02-01 20:57:17 WARN  Server restarted 
2022-02-01 20:57:32 WARN  Server restarted 
2022-02-01 21:01:08 WARN  Server restarted 
2022-02-01 21:09:11 WARN  Server restarted 
2022-02-01 21:09:30 WARN  Server restarted 
2022-02-01 21:23:44 WARN  Server restarted 
2022-02-01 21:23:56 WARN  Server restarted 
2022-02-01 21:24:16 WARN  Server restarted 
2022-02-01 21:30:13 WARN  Server restarted 
2022-02-01 21:39:29 WARN  Server restarted 
2022-02-01 21:39:52 WARN  Server restarted 
2022-02-01 21:41:46 WARN  Server restarted 
2022-02-01 21:42:02 WARN  Server restarted 
2022-02-01 21:43:38 WARN  Server restarted 
2022-02-01 21:53:54 WARN  Server restarted 
2022-02-01 21:54:17 WARN  Server restarted 
2022-02-01 21:54:49 WARN  Server restarted 
2022-02-01 21:55:16 WARN  Server restarted 
2022-02-01 23:43:24 WARN  Server restarted 
2022-02-01 23:54:53 WARN  Server restarted 
2022-02-02 00:37:58 WARN  Server restarted 
2022-02-02 00:47:09 WARN  Server restarted 
2022-02-02 00:49:56 WARN  Server restarted 
2022-02-02 00:50:39 WARN  Server restarted 
2022-02-02 01:08:42 WARN  Server restarted 
2022-02-02 01:14:19 WARN  Server restarted 
2022-02-02 01:16:21 WARN  Server restarted 
2022-02-02 01:17:06 WARN  Server restarted 
2022-02-02 01:23:55 WARN  Server restarted 
2022-02-02 01:25:27 WARN  Server restarted 
2022-02-02 01:26:28 WARN  Server restarted 
2022-02-02 01:38:49 WARN  Server restarted 
2022-02-02 02:24:12 WARN  Server restarted 
2022-02-02 02:29:44 WARN  Server restarted 
2022-02-02 02:35:22 WARN  Server restarted 
2022-02-02 02:45:59 WARN  Server restarted 
2022-02-02 02:46:26 WARN  Server restarted 
2022-02-02 02:48:17 WARN  Server restarted 
2022-02-02 03:04:41 WARN  Server restarted 
2022-02-02 03:05:14 WARN  Server restarted 
2022-02-02 03:05:53 WARN  Server restarted 
2022-02-02 03:14:37 WARN  Server restarted 
2022-02-02 03:16:17 WARN  Server restarted 
2022-02-02 03:17:12 WARN  Server restarted 
2022-02-02 03:47:24 WARN  Server restarted 
2022-02-02 03:52:13 WARN  Server restarted 
2022-02-02 03:54:30 WARN  Server restarted 
2022-02-02 03:54:44 INFO  4G TelenorOnshore 302 is disconnected 
2022-02-02 03:54:44 INFO  4G TelenorOnshore 302 is now UP (55ms) 
2022-02-02 03:55:04 INFO  VSAT vlan300 is disconnected 
2022-02-02 03:55:04 INFO  VSAT vlan300 is now UP (737ms) 
2022-02-02 03:55:14 INFO  Offline is disconnected 
2022-02-02 03:55:14 INFO  Offline is now UP (46ms) 
2022-02-02 03:55:38 WARN  Server restarted 
2022-02-02 04:10:29 WARN  Server restarted 
2022-02-02 04:16:42 WARN  Server restarted 
2022-02-02 04:19:59 WARN  Server restarted 
2022-02-02 04:23:54 WARN  Server restarted 
2022-02-02 04:52:26 WARN  Server restarted 
2022-02-02 04:55:00 WARN  Server restarted 
2022-02-02 05:00:05 WARN  Server restarted 
2022-02-02 05:00:32 WARN  Server restarted 
2022-02-02 05:02:59 WARN  Server restarted 
2022-02-02 09:34:51 WARN  Server restarted 
2022-02-02 09:36:48 WARN  Server restarted 
2022-02-02 11:13:52 INFO  VSAT vlan300 is disconnected 
2022-02-02 11:13:59 INFO  VSAT vlan300 is now UP (1081ms) 
2022-02-02 12:24:02 INFO  Offline is disconnected 
2022-02-02 12:24:06 INFO  Offline is now UP (3095ms) 
2022-02-02 12:24:22 INFO  4G TelenorOnshore 302 is disconnected 
2022-02-02 12:24:22 INFO  Offline is disconnected 
2022-02-02 12:24:24 INFO  4G TelenorOnshore 302 is now UP (573ms) 
2022-02-02 12:24:24 INFO  Offline is now UP (578ms) 
2022-02-02 12:46:07 INFO  4G TelenorOnshore 302 is disconnected 
2022-02-02 12:46:07 INFO  Offline is disconnected 
2022-02-02 12:46:09 INFO  4G TelenorOnshore 302 is now UP (266ms) 
2022-02-02 12:46:09 INFO  Offline is now UP (270ms) 
2022-02-02 12:46:17 INFO  4G TelenorOnshore 302 is disconnected 
2022-02-02 12:46:17 INFO  Offline is disconnected 
2022-02-02 12:46:21 INFO  4G TelenorOnshore 302 is now UP (2491ms) 
2022-02-02 12:46:27 INFO  4G TelenorOnshore 302 is disconnected 
2022-02-02 12:46:29 INFO  4G TelenorOnshore 302 is now UP (394ms) 
2022-02-02 12:46:29 INFO  Offline is now UP (398ms) 
2022-02-02 12:46:37 INFO  4G TelenorOnshore 302 is disconnected 
2022-02-02 12:46:37 INFO  Offline is disconnected 
2022-02-02 12:46:41 INFO  4G TelenorOnshore 302 is now UP (2313ms) 
2022-02-02 12:46:41 INFO  Offline is now UP (2313ms) 
2022-02-02 12:46:57 INFO  4G TelenorOnshore 302 is disconnected 
2022-02-02 12:46:57 INFO  Offline is disconnected 
2022-02-02 12:46:59 INFO  4G TelenorOnshore 302 is now UP (594ms) 
2022-02-02 12:46:59 INFO  Offline is now UP (604ms) 
2022-02-02 12:47:07 INFO  4G TelenorOnshore 302 is disconnected 
2022-02-02 12:47:07 INFO  Offline is disconnected 
2022-02-02 12:47:09 INFO  4G TelenorOnshore 302 is now UP (305ms) 
2022-02-02 12:47:09 INFO  Offline is now UP (311ms) 
2022-02-02 12:47:17 INFO  4G TelenorOnshore 302 is disconnected 
2022-02-02 12:47:19 INFO  4G TelenorOnshore 302 is now UP (439ms) 
2022-02-02 12:47:27 INFO  4G TelenorOnshore 302 is disconnected 
2022-02-02 12:47:27 INFO  Offline is disconnected 
2022-02-02 12:47:29 INFO  4G TelenorOnshore 302 is now UP (350ms) 
2022-02-02 12:47:29 INFO  Offline is now UP (356ms) 
2022-02-02 12:48:17 INFO  4G TelenorOnshore 302 is disconnected 
2022-02-02 12:48:17 INFO  Offline is disconnected 
2022-02-02 12:48:19 INFO  4G TelenorOnshore 302 is now UP (437ms) 
2022-02-02 12:48:19 INFO  Offline is now UP (438ms) 
2022-02-02 12:49:37 INFO  4G TelenorOnshore 302 is disconnected 
2022-02-02 12:49:37 INFO  Offline is disconnected 
2022-02-02 12:49:41 INFO  4G TelenorOnshore 302 is now UP (2297ms) 
2022-02-02 12:49:41 INFO  Offline is now UP (2297ms) 
2022-02-02 12:49:47 INFO  4G TelenorOnshore 302 is disconnected 
2022-02-02 12:49:47 INFO  Offline is disconnected 
2022-02-02 12:49:49 INFO  4G TelenorOnshore 302 is now UP (250ms) 
2022-02-02 12:49:49 INFO  Offline is now UP (250ms) 
2022-02-02 12:50:02 INFO  4G TelenorOnshore 302 is disconnected 
2022-02-02 12:50:02 INFO  Offline is disconnected 
2022-02-02 12:50:07 INFO  4G TelenorOnshore 302 is now UP (3441ms) 
2022-02-02 12:50:09 INFO  Offline is now UP (898ms) 
2022-02-02 12:50:27 INFO  4G TelenorOnshore 302 is disconnected 
2022-02-02 12:50:27 INFO  Offline is disconnected 
2022-02-02 12:50:41 INFO  4G TelenorOnshore 302 is now UP (2501ms) 
2022-02-02 12:50:41 INFO  Offline is now UP (2542ms) 
2022-02-02 12:51:03 INFO  4G TelenorOnshore 302 is disconnected 
2022-02-02 12:51:03 INFO  Offline is disconnected 
2022-02-02 12:52:40 INFO  4G TelenorOnshore 302 is now UP (1293ms) 
2022-02-02 12:52:40 INFO  Offline is now UP (1293ms) 
2022-02-02 12:53:18 INFO  4G TelenorOnshore 302 is disconnected 
2022-02-02 12:53:18 INFO  Offline is disconnected 
2022-02-02 12:53:31 INFO  4G TelenorOnshore 302 is now UP (2084ms) 
2022-02-02 12:53:31 INFO  Offline is now UP (2084ms) 
2022-02-02 12:54:08 INFO  4G TelenorOnshore 302 is disconnected 
2022-02-02 12:54:08 INFO  Offline is disconnected 
2022-02-02 12:54:11 INFO  4G TelenorOnshore 302 is now UP (2210ms) 
2022-02-02 12:54:11 INFO  Offline is now UP (2211ms) 
2022-02-02 12:55:28 INFO  4G TelenorOnshore 302 is disconnected 
2022-02-02 12:55:28 INFO  Offline is disconnected 
2022-02-02 12:56:04 INFO  4G TelenorOnshore 302 is now UP (95ms) 
2022-02-02 12:56:04 INFO  Offline is now UP (99ms) 
2022-02-02 12:56:43 INFO  4G TelenorOnshore 302 is disconnected 
2022-02-02 12:56:43 INFO  Offline is disconnected 
2022-02-02 12:56:52 INFO  4G TelenorOnshore 302 is now UP (3107ms) 
2022-02-02 12:56:52 INFO  Offline is now UP (3108ms) 
2022-02-02 12:56:58 INFO  4G TelenorOnshore 302 is disconnected 
2022-02-02 12:56:58 INFO  Offline is disconnected 
2022-02-02 12:57:27 INFO  4G TelenorOnshore 302 is now UP (3229ms) 
2022-02-02 12:57:27 INFO  Offline is now UP (3235ms) 
2022-02-02 12:57:48 INFO  4G TelenorOnshore 302 is disconnected 
2022-02-02 12:57:48 INFO  Offline is disconnected 
2022-02-02 12:57:51 INFO  4G TelenorOnshore 302 is now UP (2066ms) 
2022-02-02 12:57:51 INFO  Offline is now UP (2071ms) 
2022-02-02 12:57:58 INFO  4G TelenorOnshore 302 is disconnected 
2022-02-02 12:57:58 INFO  Offline is disconnected 
2022-02-02 12:58:01 INFO  4G TelenorOnshore 302 is now UP (2344ms) 
2022-02-02 12:58:01 INFO  Offline is now UP (2348ms) 
2022-02-02 13:01:43 INFO  4G TelenorOnshore 302 is disconnected 
2022-02-02 13:01:43 INFO  Offline is disconnected 
2022-02-02 13:02:11 INFO  4G TelenorOnshore 302 is now UP (2368ms) 
2022-02-02 13:02:11 INFO  Offline is now UP (2370ms) 
2022-02-02 13:14:38 INFO  4G TelenorOnshore 302 is disconnected 
2022-02-02 13:14:38 INFO  Offline is disconnected 
2022-02-02 13:14:45 INFO  4G TelenorOnshore 302 is now UP (1172ms) 
2022-02-02 13:14:45 INFO  Offline is now UP (1173ms) 
2022-02-02 13:16:18 INFO  4G TelenorOnshore 302 is disconnected 
2022-02-02 13:16:18 INFO  Offline is disconnected 
2022-02-02 13:16:19 INFO  4G TelenorOnshore 302 is now UP (416ms) 
2022-02-02 13:16:19 INFO  Offline is now UP (422ms) 
2022-02-02 13:19:38 INFO  4G TelenorOnshore 302 is disconnected 
2022-02-02 13:19:38 INFO  Offline is disconnected 
2022-02-02 13:20:01 INFO  4G TelenorOnshore 302 is now UP (2650ms) 
2022-02-02 13:20:01 INFO  Offline is now UP (2654ms) 
2022-02-02 13:24:28 INFO  4G TelenorOnshore 302 is disconnected 
2022-02-02 13:24:28 INFO  Offline is disconnected 
2022-02-02 13:24:51 INFO  4G TelenorOnshore 302 is now UP (1905ms) 
2022-02-02 13:24:51 INFO  Offline is now UP (1908ms) 
2022-02-02 13:26:58 INFO  4G TelenorOnshore 302 is disconnected 
2022-02-02 13:26:58 INFO  Offline is disconnected 
2022-02-02 13:27:01 INFO  4G TelenorOnshore 302 is now UP (2480ms) 
2022-02-02 13:27:01 INFO  Offline is now UP (2493ms) 
2022-02-02 13:27:38 INFO  4G TelenorOnshore 302 is disconnected 
2022-02-02 13:27:38 INFO  Offline is disconnected 
2022-02-02 13:27:42 INFO  4G TelenorOnshore 302 is now UP (3502ms) 
2022-02-02 13:27:42 INFO  Offline is now UP (3503ms) 
2022-02-02 13:27:48 INFO  4G TelenorOnshore 302 is disconnected 
2022-02-02 13:27:48 INFO  Offline is disconnected 
2022-02-02 13:28:37 INFO  4G TelenorOnshore 302 is now UP (3188ms) 
2022-02-02 13:28:37 INFO  Offline is now UP (3189ms) 
2022-02-02 13:28:43 INFO  4G TelenorOnshore 302 is disconnected 
2022-02-02 13:28:43 INFO  Offline is disconnected 
2022-02-02 13:29:02 INFO  4G TelenorOnshore 302 is now UP (3413ms) 
2022-02-02 13:29:02 INFO  Offline is now UP (3433ms) 
2022-02-02 13:44:18 INFO  4G TelenorOnshore 302 is disconnected 
2022-02-02 13:44:18 INFO  Offline is disconnected 
2022-02-02 13:44:56 INFO  4G TelenorOnshore 302 is now UP (2569ms) 
2022-02-02 13:44:56 INFO  Offline is now UP (2570ms) 
2022-02-02 13:45:03 INFO  4G TelenorOnshore 302 is disconnected 
2022-02-02 13:45:03 INFO  Offline is disconnected 
2022-02-02 13:45:04 INFO  4G TelenorOnshore 302 is now UP (252ms) 
2022-02-02 13:45:04 INFO  Offline is now UP (280ms) 
2022-02-02 13:48:33 INFO  4G TelenorOnshore 302 is disconnected 
2022-02-02 13:48:33 INFO  Offline is disconnected 
2022-02-02 13:48:44 INFO  4G TelenorOnshore 302 is now UP (79ms) 
2022-02-02 13:48:44 INFO  Offline is now UP (78ms) 
2022-02-02 13:48:58 INFO  4G TelenorOnshore 302 is disconnected 
2022-02-02 13:48:58 INFO  Offline is disconnected 
2022-02-02 13:49:27 INFO  4G TelenorOnshore 302 is now UP (3130ms) 
2022-02-02 13:49:27 INFO  Offline is now UP (3132ms) 
2022-02-02 13:50:48 INFO  4G TelenorOnshore 302 is disconnected 
2022-02-02 13:50:48 INFO  Offline is disconnected 
2022-02-02 13:50:56 INFO  4G TelenorOnshore 302 is now UP (2559ms) 
2022-02-02 13:50:56 INFO  Offline is now UP (2561ms) 
2022-02-02 13:56:03 INFO  4G TelenorOnshore 302 is disconnected 
2022-02-02 13:56:03 INFO  Offline is disconnected 
2022-02-02 13:57:17 INFO  4G TelenorOnshore 302 is now UP (2999ms) 
2022-02-02 13:57:17 INFO  Offline is now UP (3032ms) 
2022-02-02 13:57:28 INFO  4G TelenorOnshore 302 is disconnected 
2022-02-02 13:57:28 INFO  Offline is disconnected 
2022-02-02 13:57:29 INFO  4G TelenorOnshore 302 is now UP (441ms) 
2022-02-02 13:57:29 INFO  Offline is now UP (495ms) 
2022-02-02 13:57:53 INFO  4G TelenorOnshore 302 is disconnected 
2022-02-02 13:57:53 INFO  Offline is disconnected 
2022-02-02 13:59:49 INFO  4G TelenorOnshore 302 is now UP (135ms) 
2022-02-02 13:59:49 INFO  Offline is now UP (328ms) 
2022-02-02 13:59:58 INFO  4G TelenorOnshore 302 is disconnected 
2022-02-02 13:59:58 INFO  Offline is disconnected 
2022-02-02 14:00:14 INFO  4G TelenorOnshore 302 is now UP (549ms) 
2022-02-02 14:00:14 INFO  Offline is now UP (549ms) 
2022-02-02 14:00:23 INFO  4G TelenorOnshore 302 is disconnected 
2022-02-02 14:00:23 INFO  Offline is disconnected 
2022-02-02 14:01:41 INFO  4G TelenorOnshore 302 is now UP (1940ms) 
2022-02-02 14:01:41 INFO  Offline is now UP (1944ms) 
2022-02-02 14:01:48 INFO  4G TelenorOnshore 302 is disconnected 
2022-02-02 14:01:48 INFO  Offline is disconnected 
2022-02-02 14:01:50 INFO  4G TelenorOnshore 302 is now UP (982ms) 
2022-02-02 14:01:50 INFO  Offline is now UP (988ms) 
2022-02-02 14:02:28 INFO  4G TelenorOnshore 302 is disconnected 
2022-02-02 14:02:28 INFO  Offline is disconnected 
2022-02-02 14:02:48 INFO  4G TelenorOnshore 302 is now UP (3799ms) 
2022-02-02 14:02:48 INFO  Offline is now UP (3829ms) 
2022-02-02 14:03:03 INFO  4G TelenorOnshore 302 is disconnected 
2022-02-02 14:03:03 INFO  Offline is disconnected 
2022-02-02 14:03:14 INFO  4G TelenorOnshore 302 is now UP (500ms) 
2022-02-02 14:03:14 INFO  Offline is now UP (503ms) 
2022-02-02 14:03:43 INFO  4G TelenorOnshore 302 is disconnected 
2022-02-02 14:03:43 INFO  Offline is disconnected 
2022-02-02 14:05:01 INFO  4G TelenorOnshore 302 is now UP (2151ms) 
2022-02-02 14:05:01 INFO  Offline is now UP (2152ms) 
2022-02-02 14:05:08 INFO  Offline is disconnected 
2022-02-02 14:05:11 INFO  Offline is now UP (2104ms) 
2022-02-02 14:05:23 INFO  4G TelenorOnshore 302 is disconnected 
2022-02-02 14:05:23 INFO  Offline is disconnected 
2022-02-02 14:10:12 INFO  4G TelenorOnshore 302 is now UP (3018ms) 
2022-02-02 14:10:12 INFO  Offline is now UP (3018ms) 
2022-02-02 14:10:18 INFO  4G TelenorOnshore 302 is disconnected 
2022-02-02 14:10:18 INFO  Offline is disconnected 
2022-02-02 14:10:26 INFO  4G TelenorOnshore 302 is now UP (2587ms) 
2022-02-02 14:10:26 INFO  Offline is now UP (2590ms) 
2022-02-02 14:10:33 INFO  4G TelenorOnshore 302 is disconnected 
2022-02-02 14:10:33 INFO  Offline is disconnected 
2022-02-02 14:16:01 INFO  4G TelenorOnshore 302 is now UP (1716ms) 
2022-02-02 14:16:01 INFO  Offline is now UP (1716ms) 
2022-02-02 14:16:08 INFO  4G TelenorOnshore 302 is disconnected 
2022-02-02 14:16:08 INFO  Offline is disconnected 
2022-02-02 14:29:29 INFO  4G TelenorOnshore 302 is now UP (77ms) 
2022-02-02 14:29:29 INFO  Offline is now UP (251ms) 
2022-02-02 14:29:38 INFO  4G TelenorOnshore 302 is disconnected 
2022-02-02 14:29:38 INFO  Offline is disconnected 
2022-02-02 18:01:51 WARN  Server restarted 
2022-02-02 18:02:43 WARN  Server restarted 
2022-02-02 18:04:18 WARN  Server restarted 
2022-02-02 18:13:58 WARN  Server restarted 
2022-02-02 18:23:09 WARN  Server restarted 
2022-02-02 18:33:09 INFO  4GTelenorOffshore 303 is now UP (377ms) 
2022-02-02 18:54:36 WARN  Server restarted 
2022-02-02 18:56:22 WARN  Server restarted 
2022-02-02 18:57:05 WARN  Server restarted 
2022-02-02 18:57:32 WARN  Server restarted 
2022-02-02 19:13:36 INFO  4GTelenorOffshore 303 is disconnected 
2022-02-02 19:13:37 INFO  4GTelenorOffshore 303 is now UP (261ms) 
